{
  "RSpec": {
    "coverage": {
      "/Users/ted/RubymineProjects/fyberrdc/app/helpers/application_helper.rb": [
        1,
        null
      ],
      "/Users/ted/RubymineProjects/fyberrdc/app/helpers/fyber_offers_helper.rb": [
        1,
        null
      ],
      "/Users/ted/RubymineProjects/fyberrdc/app/controllers/fyber_offers_controller.rb": [
        1,
        null,
        1,
        null,
        null,
        1,
        6,
        6,
        null,
        6,
        null,
        null,
        1,
        7,
        7,
        7,
        null,
        null,
        1,
        5,
        null,
        null,
        1,
        5,
        5,
        2,
        null,
        5,
        null,
        null
      ],
      "/Users/ted/RubymineProjects/fyberrdc/app/controllers/application_controller.rb": [
        1,
        null,
        null,
        1,
        null
      ],
      "/Users/ted/RubymineProjects/fyberrdc/app/models/fyber_offers.rb": [
        1,
        1,
        null,
        1,
        null,
        1,
        1,
        1,
        null,
        1,
        19,
        19,
        null,
        null,
        1,
        10,
        10,
        null,
        null,
        1,
        6,
        null,
        null,
        1,
        6,
        null,
        null,
        1,
        5,
        5,
        null,
        1,
        null,
        null,
        1,
        null,
        1,
        2,
        null,
        null,
        1,
        2,
        null,
        1,
        null,
        1,
        5,
        null,
        1,
        null,
        1,
        1,
        null,
        null,
        1,
        7,
        null,
        null,
        1,
        12,
        12,
        null,
        1,
        null,
        null,
        null,
        1,
        null,
        1,
        17,
        null,
        null,
        1,
        3,
        null,
        null
      ],
      "/Users/ted/RubymineProjects/fyberrdc/app/policies/fyber_offers_api_validator.rb": [
        1,
        null,
        1,
        1,
        null,
        1,
        null,
        1,
        7,
        7,
        null,
        null,
        1,
        5,
        null,
        null,
        1,
        4,
        4,
        null,
        null,
        1,
        5,
        null,
        null,
        1,
        null,
        1,
        4,
        null,
        null
      ],
      "/Users/ted/RubymineProjects/fyberrdc/app/services/fyber_offers_api_token.rb": [
        1,
        null,
        1,
        1,
        1,
        null,
        1,
        6,
        6,
        null,
        null,
        1,
        3,
        3,
        3,
        null,
        null,
        1,
        4,
        null,
        null,
        1,
        4,
        null,
        null,
        1,
        null,
        1,
        2,
        null,
        null
      ],
      "/Users/ted/RubymineProjects/fyberrdc/app/services/fyber_offers_api.rb": [
        1,
        null,
        1,
        1,
        null,
        1,
        16,
        16,
        16,
        16,
        16,
        16,
        null,
        null,
        1,
        8,
        8,
        8,
        8,
        0,
        0,
        null,
        null,
        null,
        1,
        5,
        null,
        null,
        1,
        7,
        null,
        null,
        1,
        7,
        null,
        null,
        1,
        null,
        1,
        2,
        null,
        null,
        1,
        8,
        3,
        null,
        null,
        null,
        1,
        2,
        null,
        null,
        1,
        2,
        null,
        null,
        1,
        2,
        null,
        null,
        1,
        4,
        null,
        null,
        1,
        null,
        null,
        null,
        null,
        null,
        null,
        null,
        null,
        null,
        null,
        4,
        null,
        null,
        1,
        4,
        null,
        null,
        1,
        2,
        null,
        null,
        1,
        2,
        null,
        null
      ]
    },
    "timestamp": 1437238471
  }
}
