{
  "RSpec": {
    "coverage": {
      "/Users/ted/RubymineProjects/fyberrdc/app/helpers/application_helper.rb": [
        1,
        null
      ],
      "/Users/ted/RubymineProjects/fyberrdc/app/helpers/fyber_offers_helper.rb": [
        1,
        null
      ],
      "/Users/ted/RubymineProjects/fyberrdc/app/controllers/fyber_offers_controller.rb": [
        1,
        null,
        1,
        null,
        null,
        1,
        2,
        2,
        null,
        2,
        null,
        null,
        1,
        2,
        2,
        2,
        null,
        null,
        1,
        2,
        null,
        null,
        1,
        2,
        2,
        0,
        null,
        2,
        null,
        null
      ],
      "/Users/ted/RubymineProjects/fyberrdc/app/controllers/application_controller.rb": [
        1,
        null,
        null,
        1,
        null
      ],
      "/Users/ted/RubymineProjects/fyberrdc/app/models/fyber_offers.rb": [
        1,
        1,
        null,
        1,
        null,
        1,
        1,
        1,
        null,
        1,
        13,
        13,
        null,
        null,
        1,
        6,
        6,
        null,
        null,
        1,
        5,
        null,
        null,
        1,
        5,
        null,
        null,
        1,
        4,
        4,
        null,
        1,
        null,
        null,
        1,
        null,
        1,
        2,
        null,
        null,
        1,
        2,
        null,
        1,
        null,
        1,
        2,
        null,
        1,
        null,
        1,
        1,
        null,
        null,
        1,
        4,
        null,
        null,
        1,
        null,
        1,
        14,
        null,
        null,
        1,
        2,
        null,
        null,
        1,
        6,
        null,
        null
      ],
      "/Users/ted/RubymineProjects/fyberrdc/app/policies/fyber_offers_api_validator.rb": [
        1,
        null,
        1,
        1,
        null,
        1,
        null,
        1,
        6,
        6,
        null,
        null,
        1,
        4,
        null,
        null,
        1,
        3,
        3,
        null,
        null,
        1,
        4,
        null,
        null,
        1,
        null,
        1,
        3,
        null,
        null
      ],
      "/Users/ted/RubymineProjects/fyberrdc/app/services/fyber_offers_api_token.rb": [
        1,
        null,
        1,
        1,
        1,
        null,
        1,
        5,
        5,
        null,
        null,
        1,
        2,
        2,
        2,
        null,
        null,
        1,
        3,
        null,
        null,
        1,
        3,
        null,
        null,
        1,
        null,
        1,
        1,
        null,
        null
      ],
      "/Users/ted/RubymineProjects/fyberrdc/app/services/fyber_offers_api.rb": [
        1,
        null,
        1,
        1,
        null,
        1,
        13,
        13,
        13,
        13,
        13,
        13,
        null,
        null,
        1,
        7,
        7,
        7,
        7,
        0,
        0,
        null,
        null,
        null,
        1,
        4,
        null,
        null,
        1,
        6,
        null,
        null,
        1,
        4,
        null,
        null,
        1,
        null,
        1,
        1,
        null,
        null,
        1,
        7,
        3,
        null,
        null,
        null,
        1,
        1,
        null,
        null,
        1,
        1,
        null,
        null,
        1,
        1,
        null,
        null,
        1,
        2,
        null,
        null,
        1,
        null,
        null,
        null,
        null,
        null,
        null,
        null,
        null,
        null,
        null,
        2,
        null,
        null,
        1,
        2,
        null,
        null,
        1,
        1,
        null,
        null,
        1,
        1,
        null,
        null
      ]
    },
    "timestamp": 1437233907
  }
}
